<?xml version="1.0" encoding="UTF-8"?>
<testng-results ignored="0" total="1" passed="1" failed="0" skipped="0">
  <reporter-output>
  </reporter-output>
  <suite started-at="2025-03-31T21:59:05 IST" name="Surefire suite" finished-at="2025-03-31T21:59:07 IST" duration-ms="2480">
    <groups>
    </groups>
    <test started-at="2025-03-31T21:59:05 IST" name="Surefire test" finished-at="2025-03-31T21:59:07 IST" duration-ms="2480">
      <class name="com.example.PostExm">
        <test-method signature="PostTest()[pri:0, instance:com.example.PostExm@6279cee3]" started-at="2025-03-31T21:59:05 IST" name="PostTest" finished-at="2025-03-31T21:59:07 IST" duration-ms="2441" status="PASS">
          <reporter-output>
          </reporter-output>
        </test-method> <!-- PostTest -->
      </class> <!-- com.example.PostExm -->
    </test> <!-- Surefire test -->
  </suite> <!-- Surefire suite -->
</testng-results>
