<?xml version="1.0" encoding="UTF-8"?>
<testng-results ignored="0" total="1" passed="1" failed="0" skipped="0">
  <reporter-output>
  </reporter-output>
  <suite started-at="2025-03-31T20:05:07 IST" name="Surefire suite" finished-at="2025-03-31T20:05:10 IST" duration-ms="2733">
    <groups>
    </groups>
    <test started-at="2025-03-31T20:05:07 IST" name="Surefire test" finished-at="2025-03-31T20:05:10 IST" duration-ms="2733">
      <class name="com.example.ResponseExm">
        <test-method signature="basics()[pri:0, instance:com.example.ResponseExm@6279cee3]" started-at="2025-03-31T20:05:07 IST" name="basics" finished-at="2025-03-31T20:05:09 IST" duration-ms="2695" status="PASS">
          <reporter-output>
          </reporter-output>
        </test-method> <!-- basics -->
      </class> <!-- com.example.ResponseExm -->
    </test> <!-- Surefire test -->
  </suite> <!-- Surefire suite -->
</testng-results>
